Using pre-set license
Built from '2021.3/staging' branch; Version is '2021.3.22f1 (b6c551784ba3) revision 11978065'; Using compiler version '192829333'; Build Type 'Release'
OS: 'Windows 10  (10.0.19045) 64bit Professional' Language: 'en' Physical Memory: 32686 MB
BatchMode: 1, IsHumanControllingUs: 0, StartBugReporterOnCrash: 0, Is64bit: 1, IsPro: 1

COMMAND LINE ARGUMENTS:
D:\UnityInstall\2021.3.22f1\Editor\Unity.exe
-adb2
-batchMode
-noUpm
-name
AssetImportWorker0
-projectPath
D:/Github/Swiper
-logFile
Logs/AssetImportWorker0.log
-srvPort
49344
Successfully changed project path to: D:/Github/Swiper
D:/Github/Swiper
[UnityMemory] Configuration Parameters - Can be set up in boot.config
    "memorysetup-bucket-allocator-granularity=16"
    "memorysetup-bucket-allocator-bucket-count=8"
    "memorysetup-bucket-allocator-block-size=33554432"
    "memorysetup-bucket-allocator-block-count=8"
    "memorysetup-main-allocator-block-size=16777216"
    "memorysetup-thread-allocator-block-size=16777216"
    "memorysetup-gfx-main-allocator-block-size=16777216"
    "memorysetup-gfx-thread-allocator-block-size=16777216"
    "memorysetup-cache-allocator-block-size=4194304"
    "memorysetup-typetree-allocator-block-size=2097152"
    "memorysetup-profiler-bucket-allocator-granularity=16"
    "memorysetup-profiler-bucket-allocator-bucket-count=8"
    "memorysetup-profiler-bucket-allocator-block-size=33554432"
    "memorysetup-profiler-bucket-allocator-block-count=8"
    "memorysetup-profiler-allocator-block-size=16777216"
    "memorysetup-profiler-editor-allocator-block-size=1048576"
    "memorysetup-temp-allocator-size-main=16777216"
    "memorysetup-job-temp-allocator-block-size=2097152"
    "memorysetup-job-temp-allocator-block-size-background=1048576"
    "memorysetup-job-temp-allocator-reduction-small-platforms=262144"
    "memorysetup-temp-allocator-size-background-worker=32768"
    "memorysetup-temp-allocator-size-job-worker=262144"
    "memorysetup-temp-allocator-size-preload-manager=33554432"
    "memorysetup-temp-allocator-size-nav-mesh-worker=65536"
    "memorysetup-temp-allocator-size-audio-worker=65536"
    "memorysetup-temp-allocator-size-cloud-worker=32768"
    "memorysetup-temp-allocator-size-gi-baking-worker=262144"
    "memorysetup-temp-allocator-size-gfx=262144"
Player connection [28684] Host "[IP] 192.168.0.48 [Port] 0 [Flags] 2 [Guid] 2623999122 [EditorId] 2623999122 [Version] 1048832 [Id] WindowsEditor(7,DESKTOP-5CC4QD0) [Debug] 1 [PackageName] WindowsEditor [ProjectName] Editor" joined multi-casting on [225.0.0.222:54997]...

Player connection [28684] Host "[IP] 192.168.0.48 [Port] 0 [Flags] 2 [Guid] 2623999122 [EditorId] 2623999122 [Version] 1048832 [Id] WindowsEditor(7,DESKTOP-5CC4QD0) [Debug] 1 [PackageName] WindowsEditor [ProjectName] Editor" joined alternative multi-casting on [225.0.0.222:34997]...

Refreshing native plugins compatible for Editor in 86.15 ms, found 4 plugins.
Preloading 0 native plugins for Editor in 0.00 ms.
Initialize engine version: 2021.3.22f1 (b6c551784ba3)
[Subsystems] Discovering subsystems at path D:/UnityInstall/2021.3.22f1/Editor/Data/Resources/UnitySubsystems
[Subsystems] Discovering subsystems at path D:/Github/Swiper/Assets
GfxDevice: creating device client; threaded=0; jobified=0
Direct3D:
    Version:  Direct3D 11.0 [level 11.1]
    Renderer: NVIDIA GeForce RTX 2080 (ID=0x1e87)
    Vendor:   NVIDIA
    VRAM:     8002 MB
    Driver:   31.0.15.3179
Initialize mono
Mono path[0] = 'D:/UnityInstall/2021.3.22f1/Editor/Data/Managed'
Mono path[1] = 'D:/UnityInstall/2021.3.22f1/Editor/Data/MonoBleedingEdge/lib/mono/unityjit-win32'
Mono config path = 'D:/UnityInstall/2021.3.22f1/Editor/Data/MonoBleedingEdge/etc'
Using monoOptions --debugger-agent=transport=dt_socket,embedding=1,server=y,suspend=n,address=127.0.0.1:56004
Begin MonoManager ReloadAssembly
Registering precompiled unity dll's ...
Register platform support module: D:/UnityInstall/2021.3.22f1/Editor/Data/PlaybackEngines/AndroidPlayer/UnityEditor.Android.Extensions.dll
Register platform support module: D:/UnityInstall/2021.3.22f1/Editor/Data/PlaybackEngines/WindowsStandaloneSupport/UnityEditor.WindowsStandalone.Extensions.dll
Registered in 0.002663 seconds.
Native extension for WindowsStandalone target not found
Native extension for Android target not found
Android Extension - Scanning For ADB Devices 251 ms
Refreshing native plugins compatible for Editor in 81.13 ms, found 4 plugins.
Preloading 0 native plugins for Editor in 0.00 ms.
Mono: successfully reloaded assembly
- Completed reload, in  0.842 seconds
Domain Reload Profiling:
	ReloadAssembly (842ms)
		BeginReloadAssembly (79ms)
			ExecutionOrderSort (0ms)
			DisableScriptedObjects (0ms)
			BackupInstance (0ms)
			ReleaseScriptingObjects (0ms)
			CreateAndSetChildDomain (1ms)
		EndReloadAssembly (687ms)
			LoadAssemblies (80ms)
			RebuildTransferFunctionScriptingTraits (0ms)
			SetupTypeCache (89ms)
			ReleaseScriptCaches (0ms)
			RebuildScriptCaches (23ms)
			SetupLoadedEditorAssemblies (534ms)
				LogAssemblyErrors (0ms)
				InitializePlatformSupportModulesInManaged (346ms)
				SetLoadedEditorAssemblies (0ms)
				RefreshPlugins (81ms)
				BeforeProcessingInitializeOnLoad (1ms)
				ProcessInitializeOnLoadAttributes (71ms)
				ProcessInitializeOnLoadMethodAttributes (34ms)
				AfterProcessingInitializeOnLoad (0ms)
				EditorAssembliesLoaded (0ms)
			ExecutionOrderSort2 (0ms)
			AwakeInstancesAfterBackupRestoration (0ms)
Platform modules already initialized, skipping
Registering precompiled user dll's ...
Registered in 0.005391 seconds.
Begin MonoManager ReloadAssembly
Symbol file LoadedFromMemory doesn't match image D:\Github\Swiper\Library\PackageCache\com.unity.visualscripting@1.8.0\Editor\VisualScripting.Core\Dependencies\YamlDotNet\Unity.VisualScripting.YamlDotNet.dll
Symbol file LoadedFromMemory doesn't match image D:\Github\Swiper\Library\PackageCache\com.unity.visualscripting@1.8.0\Editor\VisualScripting.Core\Dependencies\DotNetZip\Unity.VisualScripting.IonicZip.dll
Native extension for WindowsStandalone target not found
Native extension for Android target not found
Refreshing native plugins compatible for Editor in 84.36 ms, found 4 plugins.
Preloading 0 native plugins for Editor in 0.00 ms.
Mono: successfully reloaded assembly
Package Manager log level set to [2]
- Completed reload, in  1.090 seconds
Domain Reload Profiling:
	ReloadAssembly (1091ms)
		BeginReloadAssembly (107ms)
			ExecutionOrderSort (0ms)
			DisableScriptedObjects (5ms)
			BackupInstance (0ms)
			ReleaseScriptingObjects (0ms)
			CreateAndSetChildDomain (16ms)
		EndReloadAssembly (895ms)
			LoadAssemblies (94ms)
			RebuildTransferFunctionScriptingTraits (0ms)
			SetupTypeCache (197ms)
			ReleaseScriptCaches (1ms)
			RebuildScriptCaches (47ms)
			SetupLoadedEditorAssemblies (524ms)
				LogAssemblyErrors (0ms)
				InitializePlatformSupportModulesInManaged (13ms)
				SetLoadedEditorAssemblies (0ms)
				RefreshPlugins (84ms)
				BeforeProcessingInitializeOnLoad (81ms)
				ProcessInitializeOnLoadAttributes (316ms)
				ProcessInitializeOnLoadMethodAttributes (28ms)
				AfterProcessingInitializeOnLoad (2ms)
				EditorAssembliesLoaded (0ms)
			ExecutionOrderSort2 (0ms)
			AwakeInstancesAfterBackupRestoration (5ms)
Platform modules already initialized, skipping
========================================================================
Worker process is ready to serve import requests
Launched and connected shader compiler UnityShaderCompiler.exe after 0.03 seconds
Refreshing native plugins compatible for Editor in 0.73 ms, found 4 plugins.
Preloading 0 native plugins for Editor in 0.00 ms.
Unloading 4008 Unused Serialized files (Serialized files now loaded: 0)
Unloading 50 unused Assets / (56.4 KB). Loaded Objects now: 4455.
Memory consumption went from 153.0 MB to 152.9 MB.
Total: 3.300100 ms (FindLiveObjects: 0.321000 ms CreateObjectMapping: 0.109600 ms MarkObjects: 2.799900 ms  DeleteObjects: 0.068800 ms)

AssetImportParameters requested are different than current active one (requested -> active):
  custom:video-decoder-ogg-theora: a1e56fd34408186e4bbccfd4996cb3dc -> 
  custom:container-muxer-webm: aa71ff27fc2769a1b78a27578f13a17b -> 
  custom:container-demuxer-webm: 4f35f7cbe854078d1ac9338744f61a02 -> 
  custom:video-encoder-webm-vp8: eb34c28f22e8b96e1ab97ce403110664 -> 
  custom:audio-encoder-webm-vorbis: bf7c407c2cedff20999df2af8eb42d56 -> 
  custom:framework-win-MediaFoundation: 216162199b28c13a410421893ffa2e32 -> 
  custom:container-demuxer-ogg: 62fdf1f143b41e24485cea50d1cbac27 -> 
  custom:video-decoder-webm-vp8: 9c59270c3fd7afecdb556c50c9e8de78 -> 
  custom:audio-decoder-ogg-vorbis: bf7c407c2cedff20999df2af8eb42d56 -> 
========================================================================
Received Import Request.
  Time since last request: 434065.984470 seconds.
  path: Assets/SunnySpellsBasicRegular-Yz1Wv.ttf
  artifactKey: Guid(f54ae6e6ac578034c9ee9a0d16e7606d) Importer(815301076,1909f56bfc062723c751e8b465ee728b)
Start importing Assets/SunnySpellsBasicRegular-Yz1Wv.ttf using Guid(f54ae6e6ac578034c9ee9a0d16e7606d) Importer(815301076,1909f56bfc062723c751e8b465ee728b)  -> (artifact id: '35773745a3ff84f635438b7efe25cce8') in 0.203375 seconds 
========================================================================
Received Import Request.
  Time since last request: 2.079075 seconds.
  path: Assets/Resources
  artifactKey: Guid(4cddea4e54bc14a46b139487a7b2b18b) Importer(815301076,1909f56bfc062723c751e8b465ee728b)
Start importing Assets/Resources using Guid(4cddea4e54bc14a46b139487a7b2b18b) Importer(815301076,1909f56bfc062723c751e8b465ee728b)  -> (artifact id: '64f1e3d1c31537642723f1abd2657f98') in 0.006308 seconds 
========================================================================
Received Import Request.
  Time since last request: 0.258851 seconds.
  path: Assets/Resources/arrow.png
  artifactKey: Guid(5a2d357d956cca040a46c62f3e3cb50d) Importer(815301076,1909f56bfc062723c751e8b465ee728b)
Start importing Assets/Resources/arrow.png using Guid(5a2d357d956cca040a46c62f3e3cb50d) Importer(815301076,1909f56bfc062723c751e8b465ee728b)  -> (artifact id: '1ffcd6f89f91b88a06ee786e1a789e33') in 0.139886 seconds 
========================================================================
Received Import Request.
  Time since last request: 0.000018 seconds.
  path: Assets/Resources/linePSD.psd
  artifactKey: Guid(6bffd234a7b803d4397a5911a11bb74a) Importer(815301076,1909f56bfc062723c751e8b465ee728b)
Start importing Assets/Resources/linePSD.psd using Guid(6bffd234a7b803d4397a5911a11bb74a) Importer(815301076,1909f56bfc062723c751e8b465ee728b)  -> (artifact id: '96bbe5caffcd898403bbfc145b4119eb') in 0.049548 seconds 
========================================================================
Received Import Request.
  Time since last request: 0.000025 seconds.
  path: Assets/Resources/swipebar.png
  artifactKey: Guid(dcd185fd055f3e3439424121379fbd54) Importer(815301076,1909f56bfc062723c751e8b465ee728b)
Start importing Assets/Resources/swipebar.png using Guid(dcd185fd055f3e3439424121379fbd54) Importer(815301076,1909f56bfc062723c751e8b465ee728b)  -> (artifact id: 'bdb95c95ba09fd6a098b438bdb79030f') in 0.047879 seconds 
========================================================================
Received Import Request.
  Time since last request: 0.000015 seconds.
  path: Assets/Resources/sun.png
  artifactKey: Guid(b37e656e413126f42b9a22dec21c8457) Importer(815301076,1909f56bfc062723c751e8b465ee728b)
Start importing Assets/Resources/sun.png using Guid(b37e656e413126f42b9a22dec21c8457) Importer(815301076,1909f56bfc062723c751e8b465ee728b)  -> (artifact id: '09981215ecbff46363a8dd923b2848ff') in 0.052787 seconds 
========================================================================
Received Import Request.
  Time since last request: 0.000014 seconds.
  path: Assets/Resources/arrowPF.prefab
  artifactKey: Guid(a8f495a407ccd2c418fe60bc76c96193) Importer(815301076,1909f56bfc062723c751e8b465ee728b)
Start importing Assets/Resources/arrowPF.prefab using Guid(a8f495a407ccd2c418fe60bc76c96193) Importer(815301076,1909f56bfc062723c751e8b465ee728b)  -> (artifact id: 'c0648a45593d2b7747e98c0a8d2256c2') in 0.026874 seconds 
========================================================================
Received Import Request.
  Time since last request: 0.000015 seconds.
  path: Assets/Resources/logo.png
  artifactKey: Guid(1fab5fe7bdb9b414c80ddaa358c07ab9) Importer(815301076,1909f56bfc062723c751e8b465ee728b)
Start importing Assets/Resources/logo.png using Guid(1fab5fe7bdb9b414c80ddaa358c07ab9) Importer(815301076,1909f56bfc062723c751e8b465ee728b)  -> (artifact id: '1a93d74c32b06744e190359c9951a88e') in 0.044951 seconds 
========================================================================
Received Import Request.
  Time since last request: 0.000019 seconds.
  path: Assets/Resources/sun.psd
  artifactKey: Guid(01110734a4e749c42b5bb343dbbcdbaa) Importer(815301076,1909f56bfc062723c751e8b465ee728b)
Start importing Assets/Resources/sun.psd using Guid(01110734a4e749c42b5bb343dbbcdbaa) Importer(815301076,1909f56bfc062723c751e8b465ee728b)  -> (artifact id: 'c831e264c427ab285ff8aea99416e285') in 0.054947 seconds 
========================================================================
Received Import Request.
  Time since last request: 0.000019 seconds.
  path: Assets/Resources/moon.png
  artifactKey: Guid(ba24afaa068a6704ebd92f53fe15e6ff) Importer(815301076,1909f56bfc062723c751e8b465ee728b)
Start importing Assets/Resources/moon.png using Guid(ba24afaa068a6704ebd92f53fe15e6ff) Importer(815301076,1909f56bfc062723c751e8b465ee728b)  -> (artifact id: '384f75284ae9537708064398d4f56cab') in 0.047040 seconds 
========================================================================
Received Import Request.
  Time since last request: 0.000033 seconds.
  path: Assets/Resources/arrowPSD.psd
  artifactKey: Guid(0d95bf0ca2d91f4479ecfbf721807d25) Importer(815301076,1909f56bfc062723c751e8b465ee728b)
Start importing Assets/Resources/arrowPSD.psd using Guid(0d95bf0ca2d91f4479ecfbf721807d25) Importer(815301076,1909f56bfc062723c751e8b465ee728b)  -> (artifact id: 'aa68dead066908a63cf1230c80cabc58') in 0.068408 seconds 
Editor requested this worker to shutdown with reason: Scaling down because of idle timeout
AssetImportWorker is now disconnected from the server
Process exiting
Exiting without the bug reporter. Application will terminate with return code 0